<?xml version="1.0" encoding="UTF-8"?>
<testng-results ignored="0" total="1" passed="1" failed="0" skipped="0">
  <reporter-output>
  </reporter-output>
  <suite started-at="2024-04-14T22:58:41 IST" name="Default suite" finished-at="2024-04-14T22:58:41 IST" duration-ms="84">
    <groups>
    </groups>
    <test started-at="2024-04-14T22:58:41 IST" name="Default test" finished-at="2024-04-14T22:58:41 IST" duration-ms="84">
      <class name="Basic_programming.Selenium_Automation.TestNG_Class">
        <test-method signature="add()[pri:0, instance:Basic_programming.Selenium_Automation.TestNG_Class@3cebbb30]" started-at="2024-04-14T22:58:41 IST" name="add" finished-at="2024-04-14T22:58:41 IST" duration-ms="14" status="PASS">
          <reporter-output>
          </reporter-output>
        </test-method> <!-- add -->
      </class> <!-- Basic_programming.Selenium_Automation.TestNG_Class -->
    </test> <!-- Default test -->
  </suite> <!-- Default suite -->
</testng-results>
